<?xml version="1.0" encoding="UTF-8"?>
<testng-results ignored="0" total="1" passed="1" failed="0" skipped="0">
  <reporter-output>
  </reporter-output>
  <suite started-at="2023-12-10T20:38:43 IST" name="Default suite" finished-at="2023-12-10T20:38:50 IST" duration-ms="7330">
    <groups>
    </groups>
    <test started-at="2023-12-10T20:38:43 IST" name="Default test" finished-at="2023-12-10T20:38:50 IST" duration-ms="7330">
      <class name="datePickertest.DatePickerAutomation">
        <test-method is-config="true" signature="setUp()[pri:0, instance:datePickertest.DatePickerAutomation@7b98f307]" started-at="2023-12-10T20:38:43 IST" name="setUp" finished-at="2023-12-10T20:38:48 IST" duration-ms="5583" status="PASS">
          <reporter-output>
          </reporter-output>
        </test-method> <!-- setUp -->
        <test-method signature="selectDateFromDatePicker()[pri:0, instance:datePickertest.DatePickerAutomation@7b98f307]" started-at="2023-12-10T20:38:48 IST" name="selectDateFromDatePicker" finished-at="2023-12-10T20:38:50 IST" duration-ms="1247" status="PASS">
          <reporter-output>
          </reporter-output>
        </test-method> <!-- selectDateFromDatePicker -->
        <test-method is-config="true" signature="tearDown()[pri:0, instance:datePickertest.DatePickerAutomation@7b98f307]" started-at="2023-12-10T20:38:50 IST" name="tearDown" finished-at="2023-12-10T20:38:50 IST" duration-ms="391" status="PASS">
          <reporter-output>
          </reporter-output>
        </test-method> <!-- tearDown -->
      </class> <!-- datePickertest.DatePickerAutomation -->
    </test> <!-- Default test -->
  </suite> <!-- Default suite -->
</testng-results>
